2026-06-09 14:04:57,243 [INFO] Loaded 477 stocks
2026-06-09 14:05:42,143 [INFO]   Features: 150/477
2026-06-09 14:06:28,343 [INFO]   Features: 300/477
2026-06-09 14:07:13,907 [INFO]   Features: 450/477
2026-06-09 14:07:30,910 [INFO] ============================================================
2026-06-09 14:07:30,910 [INFO] STEP 1: HELD-OUT TEST IC
2026-06-09 14:07:30,910 [INFO] ============================================================
2026-06-09 14:07:31,839 [INFO]   Held-out IC: 0.0443  |  DirAcc: 0.531
2026-06-09 14:07:31,839 [INFO]   Daily IC mean: 0.0289  |  std: 0.1579
2026-06-09 14:07:31,840 [INFO]   Daily IC positive fraction: 57.0%
2026-06-09 14:07:31,842 [INFO] ============================================================
2026-06-09 14:07:31,842 [INFO] STEP 2: STATISTICAL BASELINE TESTS
2026-06-09 14:07:31,842 [INFO] ============================================================
2026-06-09 14:07:31,936 [INFO]   Ridge MSE: 0.002008  |  Zero MSE: 0.002026
2026-06-09 14:07:31,936 [INFO]   DM vs Zero: p=0.0000  |  DM vs Mean: p=0.0000
2026-06-09 14:07:31,936 [INFO]   t-test IC>0: t=5.15, p=0.0000
2026-06-09 14:07:31,936 [INFO]   Random baseline IC: -0.0015
2026-06-09 14:07:31,936 [INFO] ============================================================
2026-06-09 14:07:31,936 [INFO] STEP 3: WINDOW STABILITY ANALYSIS
2026-06-09 14:07:31,936 [INFO] ============================================================
2026-06-09 14:07:36,302 [INFO]   Windows: 11
2026-06-09 14:07:36,302 [INFO]   IC per window: ['+0.1437', '+0.0098', '+0.0201', '+0.0631', '+0.0904', '+0.0933', '+0.0375', '+0.0361', '+0.0640', '+0.1046', '+0.0502']
2026-06-09 14:07:36,302 [INFO]   Mean IC: 0.0648  |  Std: 0.0382  |  CV: 0.59
2026-06-09 14:07:36,302 [INFO]   t-stat: 5.62  |  p-val: 0.0002
2026-06-09 14:07:36,302 [INFO]   Positive windows: 100%  |  Binomial p: 0.000488
2026-06-09 14:07:36,302 [INFO]   LOO range: 0.0134  (sensitivity to single window)
2026-06-09 14:07:36,302 [INFO]   Train IC mean: 0.0746  |  Val IC mean: 0.0648
2026-06-09 14:07:36,302 [INFO]   Recency: last3=0.0729, first8=0.0617, decay=+0.0112
2026-06-09 14:07:36,302 [INFO] ============================================================
2026-06-09 14:07:36,302 [INFO] STEP 4: PER-STOCK IC ANALYSIS
2026-06-09 14:07:36,302 [INFO] ============================================================
2026-06-09 14:07:51,855 [INFO]   Stocks analyzed: 477
2026-06-09 14:07:51,855 [INFO]   Per-stock IC: mean=0.0452, std=0.0502
2026-06-09 14:07:51,856 [INFO]   IC range: [-0.1126, 0.1979]
2026-06-09 14:07:51,856 [INFO]   Positive fraction: 83.6% (399/477)
2026-06-09 14:07:51,856 [INFO]   Binomial p: 0.000000
2026-06-09 14:07:51,856 [INFO]   t-test IC>0: t=19.66, p=0.0000
2026-06-09 14:07:51,856 [INFO]   Train/Val gap: +0.1998
2026-06-09 14:07:51,856 [INFO]   Percentiles: P10=-0.0197, P25=0.0110, P50=0.0454, P75=0.0791, P90=0.1102
2026-06-09 14:07:51,856 [INFO] ============================================================
2026-06-09 14:07:51,856 [INFO] STEP 5: OVERFITTING & ROBUSTNESS CHECKS
2026-06-09 14:07:51,856 [INFO] ============================================================
2026-06-09 14:07:53,911 [INFO]   Train/Val IC gap: mean=+0.0098, max=+0.0592
2026-06-09 14:07:53,911 [INFO]   Feature coeff stability: median CV=0.61
2026-06-09 14:07:53,911 [INFO]   First half IC: 0.0654  |  Second half: 0.0643  |  Δ: -0.0012
2026-06-09 14:07:53,912 [INFO]   Bootstrap 95% CI: [0.0455, 0.0879]

======================================================================
  FIVE-STEP IC VALIDATION — FINAL VERDICT
======================================================================
  step1_held_out                           ✅ PASS
  step2_statistical                        ✅ PASS
  step3_stability_cv                       ✅ PASS
  step3_stability_binomial                 ✅ PASS
  step3_stability_recency                  ✅ PASS
  step4_per_stock_binomial                 ✅ PASS
  step4_per_stock_t_test                   ✅ PASS
  step4_per_stock_majority                 ✅ PASS
  step5_gap                                ✅ PASS
  step5_decay                              ✅ PASS
  step5_bootstrap                          ✅ PASS

  Passed: 11/11  →  PASS
  Runtime: 1780984014s
======================================================================

Results saved to /root/results/diagnose_v2.json
